0 silly input [ 'start' ]
1 silly flags { _: [ 'run' ],
1 silly flags   'reject-cycles': false,
1 silly flags   rejectCycles: false,
1 silly flags   scope: '@ks/server',
1 silly flags   script: 'start',
1 silly flags   args: [] }
2 verbose rootPath /Users/schwamic/Projects/klangspektrum2
3 info version 2.11.0
4 silly existsSync /Users/schwamic/Projects/klangspektrum2/VERSION
5 info scope @ks/server
6 silly initialize attempt
7 silly initialize success
8 silly execute attempt
9 silly runScriptInDir start [] server
10 silly getExecOpts { cwd: '/Users/schwamic/Projects/klangspektrum2/packages/server' }
11 error start Errored while running script in '@ks/server'
12 error execute callback with error
13 error Error: Command failed: yarn run start
13 error module.js:549
13 error     throw err;
13 error     ^
13 error
13 error Error: Cannot find module '/Users/schwamic/Projects/klangspektrum2/packages/server/dist/index.js'
13 error     at Function.Module._resolveFilename (module.js:547:15)
13 error     at Function.Module._load (module.js:474:25)
13 error     at Function.Module.runMain (module.js:693:10)
13 error     at startup (bootstrap_node.js:188:16)
13 error     at bootstrap_node.js:609:3
13 error [2K[1G[31merror[39m An unexpected error occurred: "Command failed.
13 error Exit code: 1
13 error Command: sh
13 error Arguments: -c node dist/index.js
13 error Directory: /Users/schwamic/Projects/klangspektrum2/packages/server
13 error Output:
13 error ".
13 error [2K[1G[2m$ node dist/index.js[22m
13 error [2K[1G[34minfo[39m If you think this is a bug, please open a bug report with the information provided in "/Users/schwamic/Projects/klangspektrum2/packages/server/yarn-error.log".
13 error [2K[1G[34minfo[39m Visit [1mhttps://yarnpkg.com/en/docs/cli/run[22m for documentation about this command.
13 error
13 error     at Promise.all.then.arr (/Users/schwamic/Projects/klangspektrum2/node_modules/lerna/node_modules/execa/index.js:236:11)
13 error     at <anonymous>
